<?xml version="1.0" encoding="UTF-8"?>
<testsuite name="com.example.test.flow.BNOFlowTests" tests="1" skipped="0" failures="1" errors="0" timestamp="2020-11-27T14:30:03" hostname="20LDN-MAC295.local" time="10.791">
  <properties/>
  <testcase name="equalsIt" classname="com.example.test.flow.BNOFlowTests" time="10.791">
    <failure message="net.corda.node.internal.cordapp.InvalidCordappException: Invalid Cordapps found, that couldn't be loaded: [Problem: CorDapp requires minimumPlatformVersion: 9, but was: 8 in Cordapp file:/Users/garryjackson/Documents/GitHub/cordapp-bn-kyc/workflows-java/build/mock-network/20201127-143005.047-75C3059AF19CDFE7/nodes/0/cordapps/business-networks-contracts-1.1-RC03.jar], " type="net.corda.node.internal.cordapp.InvalidCordappException">net.corda.node.internal.cordapp.InvalidCordappException: Invalid Cordapps found, that couldn't be loaded: [Problem: CorDapp requires minimumPlatformVersion: 9, but was: 8 in Cordapp file:/Users/garryjackson/Documents/GitHub/cordapp-bn-kyc/workflows-java/build/mock-network/20201127-143005.047-75C3059AF19CDFE7/nodes/0/cordapps/business-networks-contracts-1.1-RC03.jar], 
	at net.corda.node.internal.cordapp.JarScanningCordappLoader.loadCordapps(JarScanningCordappLoader.kt:142)
	at net.corda.node.internal.cordapp.JarScanningCordappLoader.access$loadCordapps(JarScanningCordappLoader.kt:49)
	at net.corda.node.internal.cordapp.JarScanningCordappLoader$cordapps$2.invoke(JarScanningCordappLoader.kt:61)
	at net.corda.node.internal.cordapp.JarScanningCordappLoader$cordapps$2.invoke(JarScanningCordappLoader.kt:49)
	at kotlin.SynchronizedLazyImpl.getValue(LazyJVM.kt:74)
	at net.corda.node.internal.cordapp.JarScanningCordappLoader.getCordapps(JarScanningCordappLoader.kt)
	at net.corda.node.internal.cordapp.CordappLoaderTemplate$cordappSchemas$2.invoke(JarScanningCordappLoader.kt:532)
	at net.corda.node.internal.cordapp.CordappLoaderTemplate$cordappSchemas$2.invoke(JarScanningCordappLoader.kt:497)
	at kotlin.SynchronizedLazyImpl.getValue(LazyJVM.kt:74)
	at net.corda.node.internal.cordapp.CordappLoaderTemplate.getCordappSchemas(JarScanningCordappLoader.kt)
	at net.corda.node.internal.AbstractNode.&lt;init&gt;(AbstractNode.kt:258)
	at net.corda.node.internal.AbstractNode.&lt;init&gt;(AbstractNode.kt:217)
	at net.corda.testing.node.internal.InternalMockNetwork$MockNode.&lt;init&gt;(InternalMockNetwork.kt:301)
	at net.corda.testing.node.internal.InternalMockNetwork$MockNode.&lt;init&gt;(InternalMockNetwork.kt:301)
	at net.corda.testing.node.internal.InternalMockNetwork$1.invoke(InternalMockNetwork.kt:165)
	at net.corda.testing.node.internal.InternalMockNetwork$1.invoke(InternalMockNetwork.kt:156)
	at net.corda.testing.node.internal.InternalMockNetwork.createNodeImpl(InternalMockNetwork.kt:505)
	at net.corda.testing.node.internal.InternalMockNetwork.createNode(InternalMockNetwork.kt:485)
	at net.corda.testing.node.internal.InternalMockNetwork.createNode(InternalMockNetwork.kt:480)
	at net.corda.testing.node.internal.InternalMockNetwork.createNotaries$node_driver(InternalMockNetwork.kt:282)
	at net.corda.testing.node.internal.InternalMockNetwork.&lt;init&gt;(InternalMockNetwork.kt:265)
	at net.corda.testing.node.internal.InternalMockNetwork.&lt;init&gt;(InternalMockNetwork.kt:167)
	at com.example.test.helpers.MembershipManagementFlowTest.setUp(MembershipManagementFlowTest.kt:51)
	at sun.reflect.NativeMethodAccessorImpl.invoke0(Native Method)
	at sun.reflect.NativeMethodAccessorImpl.invoke(NativeMethodAccessorImpl.java:62)
	at sun.reflect.DelegatingMethodAccessorImpl.invoke(DelegatingMethodAccessorImpl.java:43)
	at java.lang.reflect.Method.invoke(Method.java:498)
	at org.junit.runners.model.FrameworkMethod$1.runReflectiveCall(FrameworkMethod.java:50)
	at org.junit.internal.runners.model.ReflectiveCallable.run(ReflectiveCallable.java:12)
	at org.junit.runners.model.FrameworkMethod.invokeExplosively(FrameworkMethod.java:47)
	at org.junit.internal.runners.statements.RunBefores.evaluate(RunBefores.java:24)
	at org.junit.internal.runners.statements.RunAfters.evaluate(RunAfters.java:27)
	at org.junit.rules.ExpectedException$ExpectedExceptionStatement.evaluate(ExpectedException.java:239)
	at org.junit.rules.RunRules.evaluate(RunRules.java:20)
	at org.junit.runners.ParentRunner.runLeaf(ParentRunner.java:325)
	at org.junit.runners.BlockJUnit4ClassRunner.runChild(BlockJUnit4ClassRunner.java:78)
	at org.junit.runners.BlockJUnit4ClassRunner.runChild(BlockJUnit4ClassRunner.java:57)
	at org.junit.runners.ParentRunner$3.run(ParentRunner.java:290)
	at org.junit.runners.ParentRunner$1.schedule(ParentRunner.java:71)
	at org.junit.runners.ParentRunner.runChildren(ParentRunner.java:288)
	at org.junit.runners.ParentRunner.access$000(ParentRunner.java:58)
	at org.junit.runners.ParentRunner$2.evaluate(ParentRunner.java:268)
	at org.junit.runners.ParentRunner.run(ParentRunner.java:363)
	at org.gradle.api.internal.tasks.testing.junit.JUnitTestClassExecutor.runTestClass(JUnitTestClassExecutor.java:110)
	at org.gradle.api.internal.tasks.testing.junit.JUnitTestClassExecutor.execute(JUnitTestClassExecutor.java:58)
	at org.gradle.api.internal.tasks.testing.junit.JUnitTestClassExecutor.execute(JUnitTestClassExecutor.java:38)
	at org.gradle.api.internal.tasks.testing.junit.AbstractJUnitTestClassProcessor.processTestClass(AbstractJUnitTestClassProcessor.java:62)
	at org.gradle.api.internal.tasks.testing.SuiteTestClassProcessor.processTestClass(SuiteTestClassProcessor.java:51)
	at sun.reflect.NativeMethodAccessorImpl.invoke0(Native Method)
	at sun.reflect.NativeMethodAccessorImpl.invoke(NativeMethodAccessorImpl.java:62)
	at sun.reflect.DelegatingMethodAccessorImpl.invoke(DelegatingMethodAccessorImpl.java:43)
	at java.lang.reflect.Method.invoke(Method.java:498)
	at org.gradle.internal.dispatch.ReflectionDispatch.dispatch(ReflectionDispatch.java:35)
	at org.gradle.internal.dispatch.ReflectionDispatch.dispatch(ReflectionDispatch.java:24)
	at org.gradle.internal.dispatch.ContextClassLoaderDispatch.dispatch(ContextClassLoaderDispatch.java:32)
	at org.gradle.internal.dispatch.ProxyDispatchAdapter$DispatchingInvocationHandler.invoke(ProxyDispatchAdapter.java:93)
	at com.sun.proxy.$Proxy2.processTestClass(Unknown Source)
	at org.gradle.api.internal.tasks.testing.worker.TestWorker.processTestClass(TestWorker.java:118)
	at sun.reflect.NativeMethodAccessorImpl.invoke0(Native Method)
	at sun.reflect.NativeMethodAccessorImpl.invoke(NativeMethodAccessorImpl.java:62)
	at sun.reflect.DelegatingMethodAccessorImpl.invoke(DelegatingMethodAccessorImpl.java:43)
	at java.lang.reflect.Method.invoke(Method.java:498)
	at org.gradle.internal.dispatch.ReflectionDispatch.dispatch(ReflectionDispatch.java:35)
	at org.gradle.internal.dispatch.ReflectionDispatch.dispatch(ReflectionDispatch.java:24)
	at org.gradle.internal.remote.internal.hub.MessageHubBackedObjectConnection$DispatchWrapper.dispatch(MessageHubBackedObjectConnection.java:175)
	at org.gradle.internal.remote.internal.hub.MessageHubBackedObjectConnection$DispatchWrapper.dispatch(MessageHubBackedObjectConnection.java:157)
	at org.gradle.internal.remote.internal.hub.MessageHub$Handler.run(MessageHub.java:404)
	at org.gradle.internal.concurrent.ExecutorPolicy$CatchAndRecordFailures.onExecute(ExecutorPolicy.java:63)
	at org.gradle.internal.concurrent.ManagedExecutorImpl$1.run(ManagedExecutorImpl.java:46)
	at java.util.concurrent.ThreadPoolExecutor.runWorker(ThreadPoolExecutor.java:1149)
	at java.util.concurrent.ThreadPoolExecutor$Worker.run(ThreadPoolExecutor.java:624)
	at org.gradle.internal.concurrent.ThreadFactoryImpl$ManagedThreadRunnable.run(ThreadFactoryImpl.java:55)
	at java.lang.Thread.run(Thread.java:748)
</failure>
    <failure message="kotlin.UninitializedPropertyAccessException: lateinit property mockNetwork has not been initialized" type="kotlin.UninitializedPropertyAccessException">kotlin.UninitializedPropertyAccessException: lateinit property mockNetwork has not been initialized
	at com.example.test.helpers.MembershipManagementFlowTest.tearDown(MembershipManagementFlowTest.kt:68)
	at sun.reflect.NativeMethodAccessorImpl.invoke0(Native Method)
	at sun.reflect.NativeMethodAccessorImpl.invoke(NativeMethodAccessorImpl.java:62)
	at sun.reflect.DelegatingMethodAccessorImpl.invoke(DelegatingMethodAccessorImpl.java:43)
	at java.lang.reflect.Method.invoke(Method.java:498)
	at org.junit.runners.model.FrameworkMethod$1.runReflectiveCall(FrameworkMethod.java:50)
	at org.junit.internal.runners.model.ReflectiveCallable.run(ReflectiveCallable.java:12)
	at org.junit.runners.model.FrameworkMethod.invokeExplosively(FrameworkMethod.java:47)
	at org.junit.internal.runners.statements.RunAfters.evaluate(RunAfters.java:33)
	at org.junit.rules.ExpectedException$ExpectedExceptionStatement.evaluate(ExpectedException.java:239)
	at org.junit.rules.RunRules.evaluate(RunRules.java:20)
	at org.junit.runners.ParentRunner.runLeaf(ParentRunner.java:325)
	at org.junit.runners.BlockJUnit4ClassRunner.runChild(BlockJUnit4ClassRunner.java:78)
	at org.junit.runners.BlockJUnit4ClassRunner.runChild(BlockJUnit4ClassRunner.java:57)
	at org.junit.runners.ParentRunner$3.run(ParentRunner.java:290)
	at org.junit.runners.ParentRunner$1.schedule(ParentRunner.java:71)
	at org.junit.runners.ParentRunner.runChildren(ParentRunner.java:288)
	at org.junit.runners.ParentRunner.access$000(ParentRunner.java:58)
	at org.junit.runners.ParentRunner$2.evaluate(ParentRunner.java:268)
	at org.junit.runners.ParentRunner.run(ParentRunner.java:363)
	at org.gradle.api.internal.tasks.testing.junit.JUnitTestClassExecutor.runTestClass(JUnitTestClassExecutor.java:110)
	at org.gradle.api.internal.tasks.testing.junit.JUnitTestClassExecutor.execute(JUnitTestClassExecutor.java:58)
	at org.gradle.api.internal.tasks.testing.junit.JUnitTestClassExecutor.execute(JUnitTestClassExecutor.java:38)
	at org.gradle.api.internal.tasks.testing.junit.AbstractJUnitTestClassProcessor.processTestClass(AbstractJUnitTestClassProcessor.java:62)
	at org.gradle.api.internal.tasks.testing.SuiteTestClassProcessor.processTestClass(SuiteTestClassProcessor.java:51)
	at sun.reflect.NativeMethodAccessorImpl.invoke0(Native Method)
	at sun.reflect.NativeMethodAccessorImpl.invoke(NativeMethodAccessorImpl.java:62)
	at sun.reflect.DelegatingMethodAccessorImpl.invoke(DelegatingMethodAccessorImpl.java:43)
	at java.lang.reflect.Method.invoke(Method.java:498)
	at org.gradle.internal.dispatch.ReflectionDispatch.dispatch(ReflectionDispatch.java:35)
	at org.gradle.internal.dispatch.ReflectionDispatch.dispatch(ReflectionDispatch.java:24)
	at org.gradle.internal.dispatch.ContextClassLoaderDispatch.dispatch(ContextClassLoaderDispatch.java:32)
	at org.gradle.internal.dispatch.ProxyDispatchAdapter$DispatchingInvocationHandler.invoke(ProxyDispatchAdapter.java:93)
	at com.sun.proxy.$Proxy2.processTestClass(Unknown Source)
	at org.gradle.api.internal.tasks.testing.worker.TestWorker.processTestClass(TestWorker.java:118)
	at sun.reflect.NativeMethodAccessorImpl.invoke0(Native Method)
	at sun.reflect.NativeMethodAccessorImpl.invoke(NativeMethodAccessorImpl.java:62)
	at sun.reflect.DelegatingMethodAccessorImpl.invoke(DelegatingMethodAccessorImpl.java:43)
	at java.lang.reflect.Method.invoke(Method.java:498)
	at org.gradle.internal.dispatch.ReflectionDispatch.dispatch(ReflectionDispatch.java:35)
	at org.gradle.internal.dispatch.ReflectionDispatch.dispatch(ReflectionDispatch.java:24)
	at org.gradle.internal.remote.internal.hub.MessageHubBackedObjectConnection$DispatchWrapper.dispatch(MessageHubBackedObjectConnection.java:175)
	at org.gradle.internal.remote.internal.hub.MessageHubBackedObjectConnection$DispatchWrapper.dispatch(MessageHubBackedObjectConnection.java:157)
	at org.gradle.internal.remote.internal.hub.MessageHub$Handler.run(MessageHub.java:404)
	at org.gradle.internal.concurrent.ExecutorPolicy$CatchAndRecordFailures.onExecute(ExecutorPolicy.java:63)
	at org.gradle.internal.concurrent.ManagedExecutorImpl$1.run(ManagedExecutorImpl.java:46)
	at java.util.concurrent.ThreadPoolExecutor.runWorker(ThreadPoolExecutor.java:1149)
	at java.util.concurrent.ThreadPoolExecutor$Worker.run(ThreadPoolExecutor.java:624)
	at org.gradle.internal.concurrent.ThreadFactoryImpl$ManagedThreadRunnable.run(ThreadFactoryImpl.java:55)
	at java.lang.Thread.run(Thread.java:748)
</failure>
  </testcase>
  <system-out><![CDATA[?[37m[INFO] 14:30:05,740 [Test worker] internal.TestCordappImpl. - Generating CorDapp jar from local project in /Users/garryjackson/Documents/GitHub/cordapp-bn-kyc/workflows-java ...
?[m?[37m[INFO] 14:30:05,878 [Connection worker] internal.TestCordappImpl. - Build
?[m?[37m[INFO] 14:30:06,728 [Connection worker] internal.TestCordappImpl. - Starting Gradle Daemon
?[m?[37m[INFO] 14:30:07,440 [Connection worker] internal.TestCordappImpl. - Connecting to Gradle Daemon
?[m?[37m[INFO] 14:30:07,450 [Connection worker] internal.TestCordappImpl. - Starting Gradle Daemon
?[m?[37m[INFO] 14:30:07,451 [Connection worker] internal.TestCordappImpl. - Build
?[m?[37m[INFO] 14:30:07,871 [Connection worker] internal.TestCordappImpl. - Run build
?[m?[37m[INFO] 14:30:07,883 [Connection worker] internal.TestCordappImpl. - Evaluate settings
?[m?[37m[INFO] 14:30:08,278 [Connection worker] internal.TestCordappImpl. - Run build
?[m?[37m[INFO] 14:30:08,278 [Connection worker] internal.TestCordappImpl. - Configure build
?[m?[37m[INFO] 14:30:08,278 [Connection worker] internal.TestCordappImpl. - Load projects
?[m?[37m[INFO] 14:30:08,397 [Connection worker] internal.TestCordappImpl. - Configure build
?[m?[37m[INFO] 14:30:08,408 [Connection worker] internal.TestCordappImpl. - Configure project :
?[m?[37m[INFO] 14:30:08,795 [Connection worker] internal.TestCordappImpl. - Resolve dependencies of :classpath
?[m?[37m[INFO] 14:30:08,991 [Connection worker] internal.TestCordappImpl. - Configure project :
?[m?[37m[INFO] 14:30:08,991 [Connection worker] internal.TestCordappImpl. - Resolve files of :classpath
?[m?[37m[INFO] 14:30:09,025 [Connection worker] internal.TestCordappImpl. - Configure project :
?[m?[37m[INFO] 14:30:09,025 [Connection worker] internal.TestCordappImpl. - Resolve files of :classpath
?[m?[37m[INFO] 14:30:09,025 [Connection worker] internal.TestCordappImpl. - Configure project :
?[m?[37m[INFO] 14:30:09,525 [Connection worker] internal.TestCordappImpl. - Configure build
?[m?[37m[INFO] 14:30:09,526 [Connection worker] internal.TestCordappImpl. - Configure project :clients
?[m?[37m[INFO] 14:30:09,536 [Connection worker] internal.TestCordappImpl. - Resolve dependencies of detachedConfiguration1
?[m?[37m[INFO] 14:30:09,546 [Connection worker] internal.TestCordappImpl. - Configure project :clients
?[m?[37m[INFO] 14:30:09,546 [Connection worker] internal.TestCordappImpl. - Resolve dependencies of :clients:classpath
?[m?[37m[INFO] 14:30:09,546 [Connection worker] internal.TestCordappImpl. - Configure project :clients
?[m?[37m[INFO] 14:30:09,546 [Connection worker] internal.TestCordappImpl. - Resolve files of :clients:classpath
?[m?[37m[INFO] 14:30:09,546 [Connection worker] internal.TestCordappImpl. - Configure project :clients
?[m?[37m[INFO] 14:30:09,546 [Connection worker] internal.TestCordappImpl. - Resolve files of :clients:classpath
?[m?[37m[INFO] 14:30:09,546 [Connection worker] internal.TestCordappImpl. - Configure project :clients
?[m?[37m[INFO] 14:30:09,760 [Connection worker] internal.TestCordappImpl. - Configure build
?[m?[37m[INFO] 14:30:09,760 [Connection worker] internal.TestCordappImpl. - Configure project :contracts-java
?[m?[37m[INFO] 14:30:09,802 [Connection worker] internal.TestCordappImpl. - Configure build
?[m?[37m[INFO] 14:30:09,802 [Connection worker] internal.TestCordappImpl. - Configure project :workflows-java
?[m?[37m[INFO] 14:30:09,899 [Connection worker] internal.TestCordappImpl. - Configure build
?[m?[37m[INFO] 14:30:09,899 [Connection worker] internal.TestCordappImpl. - Run build
?[m?[37m[INFO] 14:30:09,977 [Connection worker] internal.TestCordappImpl. - Resolve dependencies of :workflows-java:kotlinCompilerClasspath
?[m?[37m[INFO] 14:30:09,998 [Connection worker] internal.TestCordappImpl. - Run build
?[m?[37m[INFO] 14:30:09,998 [Connection worker] internal.TestCordappImpl. - Resolve files of :workflows-java:kotlinCompilerClasspath
?[m?[37m[INFO] 14:30:09,998 [Connection worker] internal.TestCordappImpl. - Run build
?[m?[37m[INFO] 14:30:09,998 [Connection worker] internal.TestCordappImpl. - Resolve dependencies of :contracts-java:kotlinCompilerClasspath
?[m?[37m[INFO] 14:30:10,009 [Connection worker] internal.TestCordappImpl. - Run build
?[m?[37m[INFO] 14:30:10,009 [Connection worker] internal.TestCordappImpl. - Resolve files of :contracts-java:kotlinCompilerClasspath
?[m?[37m[INFO] 14:30:10,009 [Connection worker] internal.TestCordappImpl. - Run build
?[m?[37m[INFO] 14:30:10,009 [Connection worker] internal.TestCordappImpl. - Run tasks
?[m?[37m[INFO] 14:30:10,043 [Connection worker] internal.TestCordappImpl. - Task :contracts-java:compileKotlin
?[m?[37m[INFO] 14:30:10,043 [Connection worker] internal.TestCordappImpl. - Resolve files of :contracts-java:kotlinCompilerClasspath
?[m?[37m[INFO] 14:30:10,043 [Connection worker] internal.TestCordappImpl. - Task :contracts-java:compileKotlin
?[m?[37m[INFO] 14:30:10,088 [Connection worker] internal.TestCordappImpl. - Resolve dependencies of :contracts-java:kotlinCompilerPluginClasspath
?[m?[37m[INFO] 14:30:10,088 [Connection worker] internal.TestCordappImpl. - Task :contracts-java:compileKotlin
?[m?[37m[INFO] 14:30:10,088 [Connection worker] internal.TestCordappImpl. - Resolve files of :contracts-java:kotlinCompilerPluginClasspath
?[m?[37m[INFO] 14:30:10,088 [Connection worker] internal.TestCordappImpl. - Task :contracts-java:compileKotlin
?[m?[37m[INFO] 14:30:10,088 [Connection worker] internal.TestCordappImpl. - Resolve dependencies of :contracts-java:compileClasspath
?[m?[37m[INFO] 14:30:10,121 [Connection worker] internal.TestCordappImpl. - Task :contracts-java:compileKotlin
?[m?[37m[INFO] 14:30:10,121 [Connection worker] internal.TestCordappImpl. - Resolve files of :contracts-java:compileClasspath
?[m?[37m[INFO] 14:30:10,134 [Connection worker] internal.TestCordappImpl. - Task :contracts-java:compileKotlin
?[m?[37m[INFO] 14:30:10,452 [Connection worker] internal.TestCordappImpl. - Resolve files of :contracts-java:compileClasspath
?[m?[37m[INFO] 14:30:10,452 [Connection worker] internal.TestCordappImpl. - Task :contracts-java:compileKotlin
?[m?[37m[INFO] 14:30:10,464 [Connection worker] internal.TestCordappImpl. - Resolve files of :contracts-java:kotlinCompilerPluginClasspath
?[m?[37m[INFO] 14:30:10,464 [Connection worker] internal.TestCordappImpl. - Task :contracts-java:compileKotlin
?[m?[37m[INFO] 14:30:10,475 [Connection worker] internal.TestCordappImpl. - Run tasks
?[m?[37m[INFO] 14:30:10,475 [Connection worker] internal.TestCordappImpl. - Task :contracts-java:compileJava
?[m?[37m[INFO] 14:30:10,485 [Connection worker] internal.TestCordappImpl. - Resolve files of :contracts-java:compileClasspath
?[m?[37m[INFO] 14:30:10,485 [Connection worker] internal.TestCordappImpl. - Task :contracts-java:compileJava
?[m?[37m[INFO] 14:30:10,485 [Connection worker] internal.TestCordappImpl. - Resolve dependencies of :contracts-java:annotationProcessor
?[m?[37m[INFO] 14:30:10,485 [Connection worker] internal.TestCordappImpl. - Task :contracts-java:compileJava
?[m?[37m[INFO] 14:30:10,497 [Connection worker] internal.TestCordappImpl. - Run tasks
?[m?[37m[INFO] 14:30:10,497 [Connection worker] internal.TestCordappImpl. - Task :contracts-java:processResources
?[m?[37m[INFO] 14:30:10,497 [Connection worker] internal.TestCordappImpl. - Run tasks
?[m?[37m[INFO] 14:30:10,497 [Connection worker] internal.TestCordappImpl. - Task :contracts-java:classes
?[m?[37m[INFO] 14:30:10,497 [Connection worker] internal.TestCordappImpl. - Run tasks
?[m?[37m[INFO] 14:30:10,497 [Connection worker] internal.TestCordappImpl. - Task :contracts-java:configureCordappFatJar
?[m?[37m[INFO] 14:30:10,497 [Connection worker] internal.TestCordappImpl. - Resolve dependencies of :contracts-java:runtime
?[m?[37m[INFO] 14:30:10,527 [Connection worker] internal.TestCordappImpl. - Task :contracts-java:configureCordappFatJar
?[m?[37m[INFO] 14:30:10,527 [Connection worker] internal.TestCordappImpl. - Resolve files of :contracts-java:runtime
?[m?[37m[INFO] 14:30:10,527 [Connection worker] internal.TestCordappImpl. - Task :contracts-java:configureCordappFatJar
?[m?[37m[INFO] 14:30:10,527 [Connection worker] internal.TestCordappImpl. - Resolve files of :contracts-java:runtime
?[m?[37m[INFO] 14:30:10,539 [Connection worker] internal.TestCordappImpl. - Task :contracts-java:configureCordappFatJar
?[m?[37m[INFO] 14:30:10,539 [Connection worker] internal.TestCordappImpl. - Run tasks
?[m?[37m[INFO] 14:30:10,539 [Connection worker] internal.TestCordappImpl. - Task :contracts-java:inspectClassesForKotlinIC
?[m?[37m[INFO] 14:30:10,539 [Connection worker] internal.TestCordappImpl. - Run tasks
?[m?[37m[INFO] 14:30:10,540 [Connection worker] internal.TestCordappImpl. - Task :contracts-java:jar
?[m?[37m[INFO] 14:30:10,551 [Connection worker] internal.TestCordappImpl. - Run tasks
?[m?[37m[INFO] 14:30:10,551 [Connection worker] internal.TestCordappImpl. - Task :workflows-java:compileKotlin
?[m?[37m[INFO] 14:30:10,551 [Connection worker] internal.TestCordappImpl. - Resolve files of :workflows-java:kotlinCompilerClasspath
?[m?[37m[INFO] 14:30:10,551 [Connection worker] internal.TestCordappImpl. - Task :workflows-java:compileKotlin
?[m?[37m[INFO] 14:30:10,551 [Connection worker] internal.TestCordappImpl. - Resolve dependencies of :workflows-java:kotlinCompilerPluginClasspath
?[m?[37m[INFO] 14:30:10,551 [Connection worker] internal.TestCordappImpl. - Task :workflows-java:compileKotlin
?[m?[37m[INFO] 14:30:10,551 [Connection worker] internal.TestCordappImpl. - Resolve files of :workflows-java:kotlinCompilerPluginClasspath
?[m?[37m[INFO] 14:30:10,551 [Connection worker] internal.TestCordappImpl. - Task :workflows-java:compileKotlin
?[m?[37m[INFO] 14:30:10,551 [Connection worker] internal.TestCordappImpl. - Resolve dependencies of :workflows-java:compileClasspath
?[m?[37m[INFO] 14:30:10,615 [Connection worker] internal.TestCordappImpl. - Task :workflows-java:compileKotlin
?[m?[37m[INFO] 14:30:10,615 [Connection worker] internal.TestCordappImpl. - Resolve files of :workflows-java:compileClasspath
?[m?[37m[INFO] 14:30:10,615 [Connection worker] internal.TestCordappImpl. - Task :workflows-java:compileKotlin
?[m?[37m[INFO] 14:30:10,627 [Connection worker] internal.TestCordappImpl. - Resolve files of :workflows-java:compileClasspath
?[m?[37m[INFO] 14:30:10,627 [Connection worker] internal.TestCordappImpl. - Task :workflows-java:compileKotlin
?[m?[37m[INFO] 14:30:10,638 [Connection worker] internal.TestCordappImpl. - Resolve files of :workflows-java:kotlinCompilerPluginClasspath
?[m?[37m[INFO] 14:30:10,638 [Connection worker] internal.TestCordappImpl. - Task :workflows-java:compileKotlin
?[m?[37m[INFO] 14:30:10,638 [Connection worker] internal.TestCordappImpl. - Run tasks
?[m?[37m[INFO] 14:30:10,638 [Connection worker] internal.TestCordappImpl. - Task :workflows-java:compileJava
?[m?[37m[INFO] 14:30:10,649 [Connection worker] internal.TestCordappImpl. - Resolve files of :workflows-java:compileClasspath
?[m?[37m[INFO] 14:30:10,649 [Connection worker] internal.TestCordappImpl. - Task :workflows-java:compileJava
?[m?[37m[INFO] 14:30:10,649 [Connection worker] internal.TestCordappImpl. - Resolve dependencies of :workflows-java:annotationProcessor
?[m?[37m[INFO] 14:30:10,649 [Connection worker] internal.TestCordappImpl. - Task :workflows-java:compileJava
?[m?[37m[INFO] 14:30:10,649 [Connection worker] internal.TestCordappImpl. - Run tasks
?[m?[37m[INFO] 14:30:10,649 [Connection worker] internal.TestCordappImpl. - Task :workflows-java:processResources
?[m?[37m[INFO] 14:30:10,660 [Connection worker] internal.TestCordappImpl. - Run tasks
?[m?[37m[INFO] 14:30:10,660 [Connection worker] internal.TestCordappImpl. - Task :workflows-java:classes
?[m?[37m[INFO] 14:30:10,660 [Connection worker] internal.TestCordappImpl. - Run tasks
?[m?[37m[INFO] 14:30:10,660 [Connection worker] internal.TestCordappImpl. - Task :workflows-java:configureCordappFatJar
?[m?[37m[INFO] 14:30:10,660 [Connection worker] internal.TestCordappImpl. - Resolve dependencies of :workflows-java:runtime
?[m?[37m[INFO] 14:30:10,691 [Connection worker] internal.TestCordappImpl. - Task :workflows-java:configureCordappFatJar
?[m?[37m[INFO] 14:30:10,691 [Connection worker] internal.TestCordappImpl. - Resolve files of :workflows-java:runtime
?[m?[37m[INFO] 14:30:10,701 [Connection worker] internal.TestCordappImpl. - Task :workflows-java:configureCordappFatJar
?[m?[37m[INFO] 14:30:10,701 [Connection worker] internal.TestCordappImpl. - Resolve files of :workflows-java:runtime
?[m?[37m[INFO] 14:30:10,701 [Connection worker] internal.TestCordappImpl. - Task :workflows-java:configureCordappFatJar
?[m?[37m[INFO] 14:30:10,702 [Connection worker] internal.TestCordappImpl. - Resolve files of :workflows-java:runtime
?[m?[37m[INFO] 14:30:10,702 [Connection worker] internal.TestCordappImpl. - Task :workflows-java:configureCordappFatJar
?[m?[37m[INFO] 14:30:10,702 [Connection worker] internal.TestCordappImpl. - Resolve files of :workflows-java:runtime
?[m?[37m[INFO] 14:30:10,702 [Connection worker] internal.TestCordappImpl. - Task :workflows-java:configureCordappFatJar
?[m?[37m[INFO] 14:30:10,702 [Connection worker] internal.TestCordappImpl. - Resolve files of :workflows-java:runtime
?[m?[37m[INFO] 14:30:10,702 [Connection worker] internal.TestCordappImpl. - Task :workflows-java:configureCordappFatJar
?[m?[37m[INFO] 14:30:10,702 [Connection worker] internal.TestCordappImpl. - Resolve files of :workflows-java:runtime
?[m?[37m[INFO] 14:30:10,702 [Connection worker] internal.TestCordappImpl. - Task :workflows-java:configureCordappFatJar
?[m?[37m[INFO] 14:30:10,702 [Connection worker] internal.TestCordappImpl. - Resolve files of :workflows-java:runtime
?[m?[37m[INFO] 14:30:10,702 [Connection worker] internal.TestCordappImpl. - Task :workflows-java:configureCordappFatJar
?[m?[37m[INFO] 14:30:10,702 [Connection worker] internal.TestCordappImpl. - Resolve files of :workflows-java:runtime
?[m?[37m[INFO] 14:30:10,712 [Connection worker] internal.TestCordappImpl. - Task :workflows-java:configureCordappFatJar
?[m?[37m[INFO] 14:30:10,712 [Connection worker] internal.TestCordappImpl. - Resolve files of :workflows-java:runtime
?[m?[37m[INFO] 14:30:10,712 [Connection worker] internal.TestCordappImpl. - Task :workflows-java:configureCordappFatJar
?[m?[37m[INFO] 14:30:10,712 [Connection worker] internal.TestCordappImpl. - Run tasks
?[m?[37m[INFO] 14:30:10,712 [Connection worker] internal.TestCordappImpl. - Task :workflows-java:inspectClassesForKotlinIC
?[m?[37m[INFO] 14:30:10,712 [Connection worker] internal.TestCordappImpl. - Run tasks
?[m?[37m[INFO] 14:30:10,712 [Connection worker] internal.TestCordappImpl. - Task :workflows-java:jar
?[m?[37m[INFO] 14:30:10,725 [Connection worker] internal.TestCordappImpl. - Run tasks
?[m?[37m[INFO] 14:30:10,725 [Connection worker] internal.TestCordappImpl. - Run build
?[m?[37m[INFO] 14:30:10,735 [Connection worker] internal.TestCordappImpl. - Build model 'java.lang.Void' for project ':workflows-java'
?[m?[37m[INFO] 14:30:10,735 [Connection worker] internal.TestCordappImpl. - Run build
?[m?[37m[INFO] 14:30:10,739 [Connection worker] internal.TestCordappImpl. - Build
?[m?[37m[INFO] 14:30:10,747 [Connection worker] internal.TestCordappImpl. - Deleting unused version-specific caches in /Users/garryjackson/Documents/GitHub/cordapp-bn-kyc/.gradle
?[m?[37m[INFO] 14:30:10,747 [Connection worker] internal.TestCordappImpl. - Build
?[m?[37m[INFO] 14:30:10,771 [Connection worker] internal.TestCordappImpl. - 
?[m?[37m[INFO] 14:30:14,246 [Test worker] cordapp.JarScanningCordappLoader. - Looking for CorDapps in [build/mock-network/20201127-143005.047-75C3059AF19CDFE7/nodes/0/cordapps]
?[m?[37m[INFO] 14:30:14,251 [Test worker] cordapp.JarScanningCordappLoader. - Loading CorDapps from RestrictedURL(url=file:/Users/garryjackson/Documents/GitHub/cordapp-bn-kyc/workflows-java/build/mock-network/20201127-143005.047-75C3059AF19CDFE7/nodes/0/cordapps/cordapp-example-workflows-0.1.jar, rootPackageName=null), RestrictedURL(url=file:/Users/garryjackson/Documents/GitHub/cordapp-bn-kyc/workflows-java/build/mock-network/20201127-143005.047-75C3059AF19CDFE7/nodes/0/cordapps/business-networks-contracts-1.1-RC03.jar, rootPackageName=null)
?[m?[37m[INFO] 14:30:14,260 [Test worker] cordapp.JarScanningCordappLoader. - Scanning CorDapp in file:/Users/garryjackson/Documents/GitHub/cordapp-bn-kyc/workflows-java/build/mock-network/20201127-143005.047-75C3059AF19CDFE7/nodes/0/cordapps/cordapp-example-workflows-0.1.jar
?[m?[37m[INFO] 14:30:14,325 [Test worker] cordapp.JarScanningCordappLoader. - Scanning CorDapp in file:/Users/garryjackson/Documents/GitHub/cordapp-bn-kyc/workflows-java/build/mock-network/20201127-143005.047-75C3059AF19CDFE7/nodes/0/cordapps/business-networks-contracts-1.1-RC03.jar
?[m?[31m[WARN] 14:30:14,370 [Test worker] cordapp.JarScanningCordappLoader. - Not loading CorDapp Business Networks Showcase (Corda Open Source) as it requires minimum platform version 9 (This node is running version 8).
?[m]]></system-out>
  <system-err><![CDATA[]]></system-err>
</testsuite>
